# JRE version: Java(TM) SE Runtime Environment (21.0.7+8) (build 21.0.7+8-LTS-245)
# Java VM: Java HotSpot(TM) 64-Bit Server VM (21.0.7+8-LTS-245, mixed mode, emulated-client, sharing, tiered, compressed oops, compressed class ptrs, g1 gc, windows-amd64)
GC Precious Log:
 CardTable entry size: 512
 Card Set container configuration: InlinePtr #cards 5 size 8 Array Of Cards #cards 12 size 40 Howl #buckets 4 coarsen threshold 1843 Howl Bitmap #cards 512 size 80 coarsen threshold 460 Card regions per heap region 1 cards per card region 2048
 CPUs: 8 total, 8 available
 Memory: 7875M
 Large Page Support: Disabled
 NUMA Support: Disabled
 Compressed Oops: Enabled (32-bit)
 Heap Region Size: 1M
 Heap Min Capacity: 8M
 Heap Initial Capacity: 124M
 Heap Max Capacity: 1970M
 Pre-touch: Disabled
 Parallel Workers: 8
 Concurrent Workers: 2
 Concurrent Refinement Workers: 8
 Periodic GC: Disabled
Heap:
 garbage-first heap   total 171008K, used 109605K [0x0000000084e00000, 0x0000000100000000)
  region size 1024K, 50 young (51200K), 7 survivors (7168K)
 Metaspace       used 93586K, committed 94400K, reserved 1179648K
  class space    used 12990K, committed 13376K, reserved 1048576K
GC Heap History (20 events):
Event: 699.962 GC heap after
{Heap after GC invocations=50 (full 4):
 garbage-first heap   total 177152K, used 62366K [0x0000000084e00000, 0x0000000100000000)
  region size 1024K, 10 young (10240K), 10 survivors (10240K)
 Metaspace       used 91994K, committed 92864K, reserved 1179648K
  class space    used 12863K, committed 13312K, reserved 1048576K
}
Event: 714.352 GC heap before
{Heap before GC invocations=50 (full 4):
 garbage-first heap   total 177152K, used 153502K [0x0000000084e00000, 0x0000000100000000)
  region size 1024K, 99 young (101376K), 10 survivors (10240K)
 Metaspace       used 92298K, committed 93184K, reserved 1179648K
  class space    used 12893K, committed 13312K, reserved 1048576K
}
Event: 714.378 GC heap after
{Heap after GC invocations=51 (full 4):
 garbage-first heap   total 177152K, used 64384K [0x0000000084e00000, 0x0000000100000000)
  region size 1024K, 8 young (8192K), 8 survivors (8192K)
 Metaspace       used 92298K, committed 93184K, reserved 1179648K
  class space    used 12893K, committed 13312K, reserved 1048576K
}
Event: 918.397 GC heap before
{Heap before GC invocations=51 (full 4):
 garbage-first heap   total 177152K, used 80768K [0x0000000084e00000, 0x0000000100000000)
  region size 1024K, 25 young (25600K), 8 survivors (8192K)
 Metaspace       used 92310K, committed 93184K, reserved 1179648K
  class space    used 12894K, committed 13312K, reserved 1048576K
}
Event: 918.485 GC heap after
{Heap after GC invocations=52 (full 5):
 garbage-first heap   total 171008K, used 47226K [0x0000000084e00000, 0x0000000100000000)
  region size 1024K, 0 young (0K), 0 survivors (0K)
 Metaspace       used 92209K, committed 93184K, reserved 1179648K
  class space    used 12869K, committed 13312K, reserved 1048576K
}
Event: 919.558 GC heap before
{Heap before GC invocations=52 (full 5):
 garbage-first heap   total 171008K, used 150650K [0x0000000084e00000, 0x0000000100000000)
  region size 1024K, 100 young (102400K), 0 survivors (0K)
 Metaspace       used 92385K, committed 93248K, reserved 1179648K
  class space    used 12891K, committed 13312K, reserved 1048576K
}
Event: 919.566 GC heap after
{Heap after GC invocations=53 (full 5):
 garbage-first heap   total 171008K, used 54099K [0x0000000084e00000, 0x0000000100000000)
  region size 1024K, 7 young (7168K), 7 survivors (7168K)
 Metaspace       used 92385K, committed 93248K, reserved 1179648K
  class space    used 12891K, committed 13312K, reserved 1048576K
}
Event: 920.372 GC heap before
{Heap before GC invocations=53 (full 5):
 garbage-first heap   total 171008K, used 149331K [0x0000000084e00000, 0x0000000100000000)
  region size 1024K, 100 young (102400K), 7 survivors (7168K)
 Metaspace       used 92877K, committed 93696K, reserved 1179648K
  class space    used 12926K, committed 13312K, reserved 1048576K
}
Event: 920.395 GC heap after
{Heap after GC invocations=54 (full 5):
 garbage-first heap   total 171008K, used 58089K [0x0000000084e00000, 0x0000000100000000)
  region size 1024K, 11 young (11264K), 11 survivors (11264K)
 Metaspace       used 92877K, committed 93696K, reserved 1179648K
  class space    used 12926K, committed 13312K, reserved 1048576K
}
Event: 921.503 GC heap before
{Heap before GC invocations=54 (full 5):
 garbage-first heap   total 171008K, used 146153K [0x0000000084e00000, 0x0000000100000000)
  region size 1024K, 97 young (99328K), 11 survivors (11264K)
 Metaspace       used 92881K, committed 93696K, reserved 1179648K
  class space    used 12927K, committed 13312K, reserved 1048576K
}
Event: 921.529 GC heap after
{Heap after GC invocations=55 (full 5):
 garbage-first heap   total 171008K, used 60131K [0x0000000084e00000, 0x0000000100000000)
  region size 1024K, 8 young (8192K), 8 survivors (8192K)
 Metaspace       used 92881K, committed 93696K, reserved 1179648K
  class space    used 12927K, committed 13312K, reserved 1048576K
}
Event: 1127.646 GC heap before
{Heap before GC invocations=55 (full 5):
 garbage-first heap   total 171008K, used 85731K [0x0000000084e00000, 0x0000000100000000)
  region size 1024K, 34 young (34816K), 8 survivors (8192K)
 Metaspace       used 92895K, committed 93696K, reserved 1179648K
  class space    used 12929K, committed 13312K, reserved 1048576K
}
Event: 1127.756 GC heap after
{Heap after GC invocations=56 (full 6):
 garbage-first heap   total 171008K, used 53762K [0x0000000084e00000, 0x0000000100000000)
  region size 1024K, 0 young (0K), 0 survivors (0K)
 Metaspace       used 92883K, committed 93696K, reserved 1179648K
  class space    used 12926K, committed 13312K, reserved 1048576K
}
Event: 1128.587 GC heap before
{Heap before GC invocations=56 (full 6):
 garbage-first heap   total 171008K, used 141826K [0x0000000084e00000, 0x0000000100000000)
  region size 1024K, 88 young (90112K), 0 survivors (0K)
 Metaspace       used 93008K, committed 93824K, reserved 1179648K
  class space    used 12948K, committed 13312K, reserved 1048576K
}
Event: 1128.593 GC heap after
{Heap after GC invocations=57 (full 6):
 garbage-first heap   total 171008K, used 60143K [0x0000000084e00000, 0x0000000100000000)
  region size 1024K, 7 young (7168K), 7 survivors (7168K)
 Metaspace       used 93008K, committed 93824K, reserved 1179648K
  class space    used 12948K, committed 13312K, reserved 1048576K
}
Event: 1129.303 GC heap before
{Heap before GC invocations=57 (full 6):
 garbage-first heap   total 171008K, used 151279K [0x0000000084e00000, 0x0000000100000000)
  region size 1024K, 95 young (97280K), 7 survivors (7168K)
 Metaspace       used 93546K, committed 94336K, reserved 1179648K
  class space    used 12984K, committed 13376K, reserved 1048576K
}
Event: 1129.310 GC heap after
{Heap after GC invocations=58 (full 6):
 garbage-first heap   total 171008K, used 62869K [0x0000000084e00000, 0x0000000100000000)
  region size 1024K, 9 young (9216K), 9 survivors (9216K)
 Metaspace       used 93546K, committed 94336K, reserved 1179648K
  class space    used 12984K, committed 13376K, reserved 1048576K
}
Event: 1129.871 GC heap before
{Heap before GC invocations=58 (full 6):
 garbage-first heap   total 171008K, used 148885K [0x0000000084e00000, 0x0000000100000000)
  region size 1024K, 93 young (95232K), 9 survivors (9216K)
 Metaspace       used 93548K, committed 94400K, reserved 1179648K
  class space    used 12985K, committed 13376K, reserved 1048576K
}
Event: 1129.891 GC heap after
{Heap after GC invocations=59 (full 6):
 garbage-first heap   total 171008K, used 65626K [0x0000000084e00000, 0x0000000100000000)
  region size 1024K, 7 young (7168K), 7 survivors (7168K)
 Metaspace       used 93548K, committed 94400K, reserved 1179648K
  class space    used 12985K, committed 13376K, reserved 1048576K
}
Event: 1308.446 GC heap before
{Heap before GC invocations=59 (full 6):
 garbage-first heap   total 171008K, used 108634K [0x0000000084e00000, 0x0000000100000000)
  region size 1024K, 50 young (51200K), 7 survivors (7168K)
 Metaspace       used 93586K, committed 94400K, reserved 1179648K
  class space    used 12990K, committed 13376K, reserved 1048576K
}

